<?xml version="1.0" encoding="UTF-8"?>
<testng-results skipped="0" failed="0" ignored="0" total="1" passed="1">
  <reporter-output>
  </reporter-output>
  <suite name="Surefire suite" duration-ms="150" started-at="2021-11-10T00:03:59 IST" finished-at="2021-11-10T00:03:59 IST">
    <groups>
    </groups>
    <test name="Surefire test" duration-ms="150" started-at="2021-11-10T00:03:59 IST" finished-at="2021-11-10T00:03:59 IST">
      <class name="qaclickacademy.MavenJava.AppTest">
        <test-method status="PASS" signature="shouldAnswerWithTrue()" name="shouldAnswerWithTrue" duration-ms="17" started-at="2021-11-10T00:03:59 IST" finished-at="2021-11-10T00:03:59 IST">
          <reporter-output>
          </reporter-output>
        </test-method> <!-- shouldAnswerWithTrue -->
      </class> <!-- qaclickacademy.MavenJava.AppTest -->
    </test> <!-- Surefire test -->
  </suite> <!-- Surefire suite -->
</testng-results>
