<?xml version="1.0" encoding="UTF-8"?>
<!-- Generated by org.testng.reporters.JUnitXMLReporter -->
<testsuite hostname="DESKTOP-O3HFSDB" ignored="0" name="Surefire test" tests="6" failures="0" timestamp="2021-11-10T00:03:58 IST" time="0.151" errors="0">
  <testcase name="deletTwitter" time="0.014" classname="qaclickacademy.MavenJava.APITest"/>
  <testcase name="postjira" time="0.001" classname="qaclickacademy.MavenJava.APITest"/>
  <testcase name="IOSApp" time="0.0" classname="qaclickacademy.MavenJava.AppiumTest"/>
  <testcase name="NativeAppAndroid" time="0.001" classname="qaclickacademy.MavenJava.AppiumTest"/>
  <testcase name="BrowserAutomation" time="0.002" classname="qaclickacademy.MavenJava.SeleniumTest"/>
  <testcase name="elementUI" time="0.0" classname="qaclickacademy.MavenJava.SeleniumTest"/>
</testsuite> <!-- Surefire test -->
